[01m[K/home/marea/elfin_ws/src/edu-elfin_simulation/arm_controllers/src/Marea_TrajectoryCommunication.cpp:[m[K In member function â€˜[01m[Kvoid arm_controllers::Marea_TrajectoryCommunication::chatterCallback(const ConstPtr&)[m[Kâ€™:
[01m[K/home/marea/elfin_ws/src/edu-elfin_simulation/arm_controllers/src/Marea_TrajectoryCommunication.cpp:227:2:[m[K [01;31m[Kerror: [m[Kâ€˜[01m[Kcommands_buffer_[m[Kâ€™ was not declared in this scope
  227 |  [01;31m[Kcommands_buffer_[m[K.writeFromNonRT(msg->data);
      |  [01;31m[K^~~~~~~~~~~~~~~~[m[K
[01m[K/home/marea/elfin_ws/src/edu-elfin_simulation/arm_controllers/src/Marea_TrajectoryCommunication.cpp:228:34:[m[K [01;31m[Kerror: [m[Kexpected â€˜[01m[K;[m[Kâ€™ before â€˜[01m[K}[m[Kâ€™ token
  228 |  printf("is anything happening?")
      |                                  [01;31m[K^[m[K
      |                                  [32m[K;[m[K
  229 |     [32m[K}[m[K
      |     [32m[K~[m[K                             
In file included from [01m[K/opt/ros/noetic/include/ros/assert.h:35[m[K,
                 from [01m[K/opt/ros/noetic/include/ros/common.h:36[m[K,
                 from [01m[K/opt/ros/noetic/include/ros/publisher.h:32[m[K,
                 from [01m[K/opt/ros/noetic/include/ros/node_handle.h:32[m[K,
                 from [01m[K/opt/ros/noetic/include/controller_interface/controller_base.h:35[m[K,
                 from [01m[K/opt/ros/noetic/include/controller_interface/controller.h:35[m[K,
                 from [01m[K/home/marea/elfin_ws/src/edu-elfin_simulation/arm_controllers/src/Marea_TrajectoryCommunication.cpp:2[m[K:
[01m[K/home/marea/elfin_ws/src/edu-elfin_simulation/arm_controllers/src/Marea_TrajectoryCommunication.cpp:[m[K In member function â€˜[01m[Kvirtual void arm_controllers::Marea_TrajectoryCommunication::update(const ros::Time&, const ros::Duration&)[m[Kâ€™:
[01m[K/home/marea/elfin_ws/src/edu-elfin_simulation/arm_controllers/src/Marea_TrajectoryCommunication.cpp:243:29:[m[K [01;31m[Kerror: [m[Kâ€˜[01m[Kmsg[m[Kâ€™ was not declared in this scope
  243 |   ROS_INFO("I heard: [%s]", [01;31m[Kmsg[m[K->data.c_str());
      |                             [01;31m[K^~~[m[K
[01m[K/opt/ros/noetic/include/ros/console.h:351:165:[m[K [01;36m[Knote: [m[Kin definition of macro â€˜[01m[KROSCONSOLE_PRINT_AT_LOCATION_WITH_FILTER[m[Kâ€™
  351 |     ::ros::console::print(filter, __rosconsole_define_location__loc.logger_, __rosconsole_define_location__loc.level_, __FILE__, __LINE__, __ROSCONSOLE_FUNCTION__, [01;36m[K__VA_ARGS__[m[K)
      |                                                                                                                                                                     [01;36m[K^~~~~~~~~~~[m[K
[01m[K/opt/ros/noetic/include/ros/console.h:390:7:[m[K [01;36m[Knote: [m[Kin expansion of macro â€˜[01m[KROSCONSOLE_PRINT_AT_LOCATION[m[Kâ€™
  390 |       [01;36m[KROSCONSOLE_PRINT_AT_LOCATION[m[K(__VA_ARGS__); \
      |       [01;36m[K^~~~~~~~~~~~~~~~~~~~~~~~~~~~[m[K
[01m[K/opt/ros/noetic/include/ros/console.h:575:35:[m[K [01;36m[Knote: [m[Kin expansion of macro â€˜[01m[KROS_LOG_COND[m[Kâ€™
  575 | #define ROS_LOG(level, name, ...) [01;36m[KROS_LOG_COND[m[K(true, level, name, __VA_ARGS__)
      |                                   [01;36m[K^~~~~~~~~~~~[m[K
[01m[K/opt/ros/noetic/include/rosconsole/macros_generated.h:110:23:[m[K [01;36m[Knote: [m[Kin expansion of macro â€˜[01m[KROS_LOG[m[Kâ€™
  110 | #define ROS_INFO(...) [01;36m[KROS_LOG[m[K(::ros::console::levels::Info, ROSCONSOLE_DEFAULT_NAME, __VA_ARGS__)
      |                       [01;36m[K^~~~~~~[m[K
[01m[K/home/marea/elfin_ws/src/edu-elfin_simulation/arm_controllers/src/Marea_TrajectoryCommunication.cpp:243:3:[m[K [01;36m[Knote: [m[Kin expansion of macro â€˜[01m[KROS_INFO[m[Kâ€™
  243 |   [01;36m[KROS_INFO[m[K("I heard: [%s]", msg->data.c_str());
      |   [01;36m[K^~~~~~~~[m[K
[01m[K/home/marea/elfin_ws/src/edu-elfin_simulation/arm_controllers/src/Marea_TrajectoryCommunication.cpp:244:14:[m[K [01;31m[Kerror: [m[Kâ€˜[01m[Kmsg[m[Kâ€™ was not declared in this scope
  244 |   test_msg = [01;31m[Kmsg[m[K->data.c_str();
      |              [01;31m[K^~~[m[K
In file included from [01m[K/usr/include/boost/function/detail/maybe_include.hpp:22[m[K,
                 from [01m[K/usr/include/boost/function/detail/function_iterate.hpp:14[m[K,
                 from [01m[K/usr/include/boost/preprocessor/iteration/detail/iter/forward1.hpp:53[m[K,
                 from [01m[K/usr/include/boost/function.hpp:71[m[K,
                 from [01m[K/opt/ros/noetic/include/ros/forwards.h:40[m[K,
                 from [01m[K/opt/ros/noetic/include/ros/node_handle.h:31[m[K,
                 from [01m[K/opt/ros/noetic/include/controller_interface/controller_base.h:35[m[K,
                 from [01m[K/opt/ros/noetic/include/controller_interface/controller.h:35[m[K,
                 from [01m[K/home/marea/elfin_ws/src/edu-elfin_simulation/arm_controllers/src/Marea_TrajectoryCommunication.cpp:2[m[K:
/usr/include/boost/function/function_template.hpp: In instantiation of â€˜[01m[Kstatic void boost::detail::function::function_void_mem_invoker1<MemberPtr, R, T0>::invoke(boost::detail::function::function_buffer&, T0) [with MemberPtr = void (arm_controllers::Marea_TrajectoryCommunication::*)(const ros::Time&, const ros::Duration&); R = void; T0 = const boost::shared_ptr<const std_msgs::String_<std::allocator<void> > >&][m[Kâ€™:
[01m[K/usr/include/boost/function/function_template.hpp:931:38:[m[K   required from â€˜[01m[Kvoid boost::function1<R, T1>::assign_to(Functor) [with Functor = void (arm_controllers::Marea_TrajectoryCommunication::*)(const ros::Time&, const ros::Duration&); R = void; T0 = const boost::shared_ptr<const std_msgs::String_<std::allocator<void> > >&][m[Kâ€™
[01m[K/usr/include/boost/function/function_template.hpp:720:7:[m[K   required from â€˜[01m[Kboost::function1<R, T1>::function1(Functor, typename boost::enable_if_<(! boost::is_integral<Functor>::value), int>::type) [with Functor = void (arm_controllers::Marea_TrajectoryCommunication::*)(const ros::Time&, const ros::Duration&); R = void; T0 = const boost::shared_ptr<const std_msgs::String_<std::allocator<void> > >&; typename boost::enable_if_<(! boost::is_integral<Functor>::value), int>::type = int][m[Kâ€™
[01m[K/usr/include/boost/function/function_template.hpp:1068:16:[m[K   required from â€˜[01m[Kboost::function<R(T0)>::function(Functor, typename boost::enable_if_<(! boost::is_integral<Functor>::value), int>::type) [with Functor = void (arm_controllers::Marea_TrajectoryCommunication::*)(const ros::Time&, const ros::Duration&); R = void; T0 = const boost::shared_ptr<const std_msgs::String_<std::allocator<void> > >&; typename boost::enable_if_<(! boost::is_integral<Functor>::value), int>::type = int][m[Kâ€™
[01m[K/home/marea/elfin_ws/src/edu-elfin_simulation/arm_controllers/src/Marea_TrajectoryCommunication.cpp:218:108:[m[K   required from here
[01m[K/usr/include/boost/function/function_template.hpp:230:11:[m[K [01;31m[Kerror: [m[Kno match for call to â€˜[01m[K(boost::_mfi::mf2<void, arm_controllers::Marea_TrajectoryCommunication, const ros::Time&, const ros::Duration&>) (const boost::shared_ptr<const std_msgs::String_<std::allocator<void> > >&)[m[Kâ€™
  230 |           [01;31m[KBOOST_FUNCTION_RETURN[m[K(boost::mem_fn(*f)(BOOST_FUNCTION_ARGS));
      |           [01;31m[K^~~~~~~~~~~~~~~~~~~~~[m[K
In file included from [01m[K/usr/include/boost/bind/mem_fn.hpp:215[m[K,
                 from [01m[K/usr/include/boost/mem_fn.hpp:22[m[K,
                 from [01m[K/usr/include/boost/function/detail/prologue.hpp:18[m[K,
                 from [01m[K/usr/include/boost/function.hpp:30[m[K,
                 from [01m[K/opt/ros/noetic/include/ros/forwards.h:40[m[K,
                 from [01m[K/opt/ros/noetic/include/ros/node_handle.h:31[m[K,
                 from [01m[K/opt/ros/noetic/include/controller_interface/controller_base.h:35[m[K,
                 from [01m[K/opt/ros/noetic/include/controller_interface/controller.h:35[m[K,
                 from [01m[K/home/marea/elfin_ws/src/edu-elfin_simulation/arm_controllers/src/Marea_TrajectoryCommunication.cpp:2[m[K:
[01m[K/usr/include/boost/bind/mem_fn_template.hpp:278:7:[m[K [01;36m[Knote: [m[Kcandidate: â€˜[01m[KR boost::_mfi::mf2<R, T, A1, A2>::operator()(T*, A1, A2) const [with R = void; T = arm_controllers::Marea_TrajectoryCommunication; A1 = const ros::Time&; A2 = const ros::Duration&][m[Kâ€™
  278 |     R [01;36m[Koperator[m[K()(T * p, A1 a1, A2 a2) const
      |       [01;36m[K^~~~~~~~[m[K
[01m[K/usr/include/boost/bind/mem_fn_template.hpp:278:7:[m[K [01;36m[Knote: [m[K  candidate expects 3 arguments, 1 provided
[01m[K/usr/include/boost/bind/mem_fn_template.hpp:283:25:[m[K [01;36m[Knote: [m[Kcandidate: â€˜[01m[Ktemplate<class U> R boost::_mfi::mf2<R, T, A1, A2>::operator()(U&, A1, A2) const [with U = U; R = void; T = arm_controllers::Marea_TrajectoryCommunication; A1 = const ros::Time&; A2 = const ros::Duration&][m[Kâ€™
  283 |     template<class U> R [01;36m[Koperator[m[K()(U & u, A1 a1, A2 a2) const
      |                         [01;36m[K^~~~~~~~[m[K
[01m[K/usr/include/boost/bind/mem_fn_template.hpp:283:25:[m[K [01;36m[Knote: [m[K  template argument deduction/substitution failed:
In file included from [01m[K/usr/include/boost/function/detail/maybe_include.hpp:22[m[K,
                 from [01m[K/usr/include/boost/function/detail/function_iterate.hpp:14[m[K,
                 from [01m[K/usr/include/boost/preprocessor/iteration/detail/iter/forward1.hpp:53[m[K,
                 from [01m[K/usr/include/boost/function.hpp:71[m[K,
                 from [01m[K/opt/ros/noetic/include/ros/forwards.h:40[m[K,
                 from [01m[K/opt/ros/noetic/include/ros/node_handle.h:31[m[K,
                 from [01m[K/opt/ros/noetic/include/controller_interface/controller_base.h:35[m[K,
                 from [01m[K/opt/ros/noetic/include/controller_interface/controller.h:35[m[K,
                 from [01m[K/home/marea/elfin_ws/src/edu-elfin_simulation/arm_controllers/src/Marea_TrajectoryCommunication.cpp:2[m[K:
[01m[K/usr/include/boost/function/function_template.hpp:230:11:[m[K [01;36m[Knote: [m[K  candidate expects 3 arguments, 1 provided
  230 |           [01;36m[KBOOST_FUNCTION_RETURN[m[K(boost::mem_fn(*f)(BOOST_FUNCTION_ARGS));
      |           [01;36m[K^~~~~~~~~~~~~~~~~~~~~[m[K
In file included from [01m[K/usr/include/boost/bind/mem_fn.hpp:215[m[K,
                 from [01m[K/usr/include/boost/mem_fn.hpp:22[m[K,
                 from [01m[K/usr/include/boost/function/detail/prologue.hpp:18[m[K,
                 from [01m[K/usr/include/boost/function.hpp:30[m[K,
                 from [01m[K/opt/ros/noetic/include/ros/forwards.h:40[m[K,
                 from [01m[K/opt/ros/noetic/include/ros/node_handle.h:31[m[K,
                 from [01m[K/opt/ros/noetic/include/controller_interface/controller_base.h:35[m[K,
                 from [01m[K/opt/ros/noetic/include/controller_interface/controller.h:35[m[K,
                 from [01m[K/home/marea/elfin_ws/src/edu-elfin_simulation/arm_controllers/src/Marea_TrajectoryCommunication.cpp:2[m[K:
[01m[K/usr/include/boost/bind/mem_fn_template.hpp:291:25:[m[K [01;36m[Knote: [m[Kcandidate: â€˜[01m[Ktemplate<class U> R boost::_mfi::mf2<R, T, A1, A2>::operator()(const U&, A1, A2) const [with U = U; R = void; T = arm_controllers::Marea_TrajectoryCommunication; A1 = const ros::Time&; A2 = const ros::Duration&][m[Kâ€™
  291 |     template<class U> R [01;36m[Koperator[m[K()(U const & u, A1 a1, A2 a2) const
      |                         [01;36m[K^~~~~~~~[m[K
[01m[K/usr/include/boost/bind/mem_fn_template.hpp:291:25:[m[K [01;36m[Knote: [m[K  template argument deduction/substitution failed:
In file included from [01m[K/usr/include/boost/function/detail/maybe_include.hpp:22[m[K,
                 from [01m[K/usr/include/boost/function/detail/function_iterate.hpp:14[m[K,
                 from [01m[K/usr/include/boost/preprocessor/iteration/detail/iter/forward1.hpp:53[m[K,
                 from [01m[K/usr/include/boost/function.hpp:71[m[K,
                 from [01m[K/opt/ros/noetic/include/ros/forwards.h:40[m[K,
                 from [01m[K/opt/ros/noetic/include/ros/node_handle.h:31[m[K,
                 from [01m[K/opt/ros/noetic/include/controller_interface/controller_base.h:35[m[K,
                 from [01m[K/opt/ros/noetic/include/controller_interface/controller.h:35[m[K,
                 from [01m[K/home/marea/elfin_ws/src/edu-elfin_simulation/arm_controllers/src/Marea_TrajectoryCommunication.cpp:2[m[K:
[01m[K/usr/include/boost/function/function_template.hpp:230:11:[m[K [01;36m[Knote: [m[K  candidate expects 3 arguments, 1 provided
  230 |           [01;36m[KBOOST_FUNCTION_RETURN[m[K(boost::mem_fn(*f)(BOOST_FUNCTION_ARGS));
      |           [01;36m[K^~~~~~~~~~~~~~~~~~~~~[m[K
In file included from [01m[K/usr/include/boost/bind/mem_fn.hpp:215[m[K,
                 from [01m[K/usr/include/boost/mem_fn.hpp:22[m[K,
                 from [01m[K/usr/include/boost/function/detail/prologue.hpp:18[m[K,
                 from [01m[K/usr/include/boost/function.hpp:30[m[K,
                 from [01m[K/opt/ros/noetic/include/ros/forwards.h:40[m[K,
                 from [01m[K/opt/ros/noetic/include/ros/node_handle.h:31[m[K,
                 from [01m[K/opt/ros/noetic/include/controller_interface/controller_base.h:35[m[K,
                 from [01m[K/opt/ros/noetic/include/controller_interface/controller.h:35[m[K,
                 from [01m[K/home/marea/elfin_ws/src/edu-elfin_simulation/arm_controllers/src/Marea_TrajectoryCommunication.cpp:2[m[K:
[01m[K/usr/include/boost/bind/mem_fn_template.hpp:299:7:[m[K [01;36m[Knote: [m[Kcandidate: â€˜[01m[KR boost::_mfi::mf2<R, T, A1, A2>::operator()(T&, A1, A2) const [with R = void; T = arm_controllers::Marea_TrajectoryCommunication; A1 = const ros::Time&; A2 = const ros::Duration&][m[Kâ€™
  299 |     R [01;36m[Koperator[m[K()(T & t, A1 a1, A2 a2) const
      |       [01;36m[K^~~~~~~~[m[K
[01m[K/usr/include/boost/bind/mem_fn_template.hpp:299:7:[m[K [01;36m[Knote: [m[K  candidate expects 3 arguments, 1 provided
make[2]: *** [CMakeFiles/arm_controllers.dir/build.make:154: CMakeFiles/arm_controllers.dir/src/Marea_TrajectoryCommunication.cpp.o] Error 1
make[1]: *** [CMakeFiles/Makefile2:414: CMakeFiles/arm_controllers.dir/all] Error 2
make: *** [Makefile:141: all] Error 2
