[01m[K/home/marea/elfin_ws/src/edu-elfin_simulation/arm_controllers/src/Marea_TrajectoryCommunication.cpp:[m[K In member function â€˜[01m[Kvoid arm_controllers::Marea_TrajectoryCommunication::Init_Subscriber()[m[Kâ€™:
[01m[K/home/marea/elfin_ws/src/edu-elfin_simulation/arm_controllers/src/Marea_TrajectoryCommunication.cpp:229:8:[m[K [01;31m[Kerror: [m[Kâ€˜[01m[Kn[m[Kâ€™ was not declared in this scope; did you mean â€˜[01m[Kyn[m[Kâ€™?
  229 |  sub = [01;31m[Kn[m[K.subscribe<std_msgs::String>("trajectory_generated", 1000, &Marea_TrajectoryCommunication::callback, this);
      |        [01;31m[K^[m[K
      |        [32m[Kyn[m[K
[01m[K/home/marea/elfin_ws/src/edu-elfin_simulation/arm_controllers/src/Marea_TrajectoryCommunication.cpp:229:36:[m[K [01;31m[Kerror: [m[Kexpected primary-expression before â€˜[01m[K>[m[Kâ€™ token
  229 |  sub = n.subscribe<std_msgs::String[01;31m[K>[m[K("trajectory_generated", 1000, &Marea_TrajectoryCommunication::callback, this);
      |                                    [01;31m[K^[m[K
make[2]: *** [CMakeFiles/arm_controllers.dir/build.make:154: CMakeFiles/arm_controllers.dir/src/Marea_TrajectoryCommunication.cpp.o] Error 1
make[1]: *** [CMakeFiles/Makefile2:414: CMakeFiles/arm_controllers.dir/all] Error 2
make: *** [Makefile:141: all] Error 2
