[  5%] Built target arm_controllers_gencfg
[  5%] Built target std_msgs_generate_messages_py
[  5%] Built target _arm_controllers_generate_messages_check_deps_ControllerJointState
[  5%] Built target std_msgs_generate_messages_nodejs
[  5%] Built target std_msgs_generate_messages_cpp
[  5%] Built target std_msgs_generate_messages_eus
[  5%] Built target std_msgs_generate_messages_lisp
[ 52%] Built target arm_controllers
[ 63%] Built target arm_controllers_generate_messages_py
[ 68%] Built target arm_controllers_generate_messages_nodejs
[ 73%] Built target arm_controllers_generate_messages_cpp
[ 84%] Built target arm_controllers_generate_messages_eus
[ 89%] Built target arm_controllers_generate_messages_lisp
[35m[1mScanning dependencies of target arm_trajectory_receiver[0m
[ 94%] [32mBuilding CXX object CMakeFiles/arm_trajectory_receiver.dir/src/ARM_trajectory_reciever.cpp.o[0m
[ 94%] Built target arm_controllers_generate_messages
[01m[K/home/marea/elfin_ws/src/edu-elfin_simulation/arm_controllers/src/ARM_trajectory_reciever.cpp:3:10:[m[K [01;31m[Kfatal error: [m[K~/elfin_ws/src/edu-elfin_simulation/trajectory_generators/joint_trajectory.h: No such file or directory
    3 | #include [01;31m[K"~/elfin_ws/src/edu-elfin_simulation/trajectory_generators/joint_trajectory.h"[m[K
      |          [01;31m[K^~~~~~~~~~~~~~~~~~~~~~~~~~~~~~~~~~~~~~~~~~~~~~~~~~~~~~~~~~~~~~~~~~~~~~~~~~~~~~[m[K
compilation terminated.
make[2]: *** [CMakeFiles/arm_trajectory_receiver.dir/build.make:63: CMakeFiles/arm_trajectory_receiver.dir/src/ARM_trajectory_reciever.cpp.o] Error 1
make[1]: *** [CMakeFiles/Makefile2:198: CMakeFiles/arm_trajectory_receiver.dir/all] Error 2
make: *** [Makefile:141: all] Error 2
