[01m[K/home/marea/elfin_ws/src/edu-elfin_simulation/arm_controllers/src/Marea_GravityCompAndPDcontroller.cpp:534:5:[m[K [01;31m[Kerror: [m[Kâ€˜[01m[KString[m[Kâ€™ does not name a type
  534 |     [01;31m[KString[m[K test_messsage;
      |     [01;31m[K^~~~~~[m[K
[01m[K/home/marea/elfin_ws/src/edu-elfin_simulation/arm_controllers/src/Marea_GravityCompAndPDcontroller.cpp:[m[K In member function â€˜[01m[Kvirtual void arm_controllers::Marea_GravityCompAndPDcontroller::update(const ros::Time&, const ros::Duration&)[m[Kâ€™:
[01m[K/home/marea/elfin_ws/src/edu-elfin_simulation/arm_controllers/src/Marea_GravityCompAndPDcontroller.cpp:252:35:[m[K [01;31m[Kerror: [m[Kconversion from â€˜[01m[Kconst char [5][m[Kâ€™ to non-scalar type â€˜[01m[Kstd_msgs::String[m[Kâ€™ {aka â€˜[01m[Kstd_msgs::String_<std::allocator<void> >[m[Kâ€™} requested
  252 |  std_msgs::String test_messsage = [01;31m[K"help"[m[K;
      |                                   [01;31m[K^~~~~~[m[K
[01m[K/home/marea/elfin_ws/src/edu-elfin_simulation/arm_controllers/src/Marea_GravityCompAndPDcontroller.cpp:253:15:[m[K [01;31m[Kerror: [m[Kâ€˜[01m[Ktest_message[m[Kâ€™ was not declared in this scope; did you mean â€˜[01m[Ktest_messsage[m[Kâ€™?
  253 |  printf("%s", [01;31m[Ktest_message[m[K);
      |               [01;31m[K^~~~~~~~~~~~[m[K
      |               [32m[Ktest_messsage[m[K
make[2]: *** [CMakeFiles/arm_controllers.dir/build.make:141: CMakeFiles/arm_controllers.dir/src/Marea_GravityCompAndPDcontroller.cpp.o] Error 1
make[1]: *** [CMakeFiles/Makefile2:385: CMakeFiles/arm_controllers.dir/all] Error 2
make: *** [Makefile:141: all] Error 2
