[01m[K/home/marea/elfin_ws/src/edu-elfin_simulation/arm_controllers/src/Marea_GravityCompAndPDcontroller.cpp:534:5:[m[K [01;31m[Kerror: [m[Kâ€˜[01m[KString[m[Kâ€™ does not name a type
  534 |     [01;31m[KString[m[K test_messsage;
      |     [01;31m[K^~~~~~[m[K
[01m[K/home/marea/elfin_ws/src/edu-elfin_simulation/arm_controllers/src/Marea_GravityCompAndPDcontroller.cpp:[m[K In member function â€˜[01m[Kvirtual void arm_controllers::Marea_GravityCompAndPDcontroller::update(const ros::Time&, const ros::Duration&)[m[Kâ€™:
[01m[K/home/marea/elfin_ws/src/edu-elfin_simulation/arm_controllers/src/Marea_GravityCompAndPDcontroller.cpp:252:2:[m[K [01;31m[Kerror: [m[Kâ€˜[01m[KString[m[Kâ€™ was not declared in this scope; did you mean â€˜[01m[Kstd_msgs::String[m[Kâ€™?
  252 |  [01;31m[KString[m[K test_messsage = "help";
      |  [01;31m[K^~~~~~[m[K
      |  [32m[Kstd_msgs::String[m[K
In file included from [01m[K/home/marea/elfin_ws/src/edu-elfin_simulation/arm_controllers/src/Marea_GravityCompAndPDcontroller.cpp:5[m[K:
[01m[K/opt/ros/noetic/include/std_msgs/String.h:48:52:[m[K [01;36m[Knote: [m[Kâ€˜[01m[Kstd_msgs::String[m[Kâ€™ declared here
   48 | typedef ::std_msgs::String_<std::allocator<void> > [01;36m[KString[m[K;
      |                                                    [01;36m[K^~~~~~[m[K
[01m[K/home/marea/elfin_ws/src/edu-elfin_simulation/arm_controllers/src/Marea_GravityCompAndPDcontroller.cpp:253:9:[m[K [01;31m[Kerror: [m[Kâ€˜[01m[Ktest_message[m[Kâ€™ was not declared in this scope
  253 |  printf([01;31m[Ktest_message[m[K);
      |         [01;31m[K^~~~~~~~~~~~[m[K
make[2]: *** [CMakeFiles/arm_controllers.dir/build.make:141: CMakeFiles/arm_controllers.dir/src/Marea_GravityCompAndPDcontroller.cpp.o] Error 1
make[1]: *** [CMakeFiles/Makefile2:385: CMakeFiles/arm_controllers.dir/all] Error 2
make: *** [Makefile:141: all] Error 2
